superplayerdemo/build/intermediates/manifest_merge_blame_file/debug/manifest-merger-blame-debug-report.txt
1<?xml version="1.0" encoding="utf-8"?>
2<manifest xmlns:android="http://schemas.android.com/apk/res/android"
3    package="com.tencent.liteav.demo.player"
4    android:versionCode="1"
5    android:versionName="1.0" >
6
7    <uses-sdk
8        android:minSdkVersion="16"
8-->src\main\AndroidManifest.xml
9        android:targetSdkVersion="26" />
9-->src\main\AndroidManifest.xml
10
11    <application android:theme="@style/AppTheme" >
11-->src\main\AndroidManifest.xml:5:5-35:19
11-->src\main\AndroidManifest.xml:5:18-49
12        <activity
12-->src\main\AndroidManifest.xml:6:9-19:20
13            android:name="com.tencent.liteav.demo.player.activity.SuperPlayerActivity"
13-->src\main\AndroidManifest.xml:7:13-57
14            android:configChanges="orientation|keyboardHidden|screenSize"
14-->src\main\AndroidManifest.xml:8:13-74
15            android:label="@string/superplayer_app_name"
15-->src\main\AndroidManifest.xml:9:13-57
16            android:launchMode="singleTask"
16-->src\main\AndroidManifest.xml:10:13-44
17            android:screenOrientation="portrait"
17-->src\main\AndroidManifest.xml:11:13-49
18            android:windowSoftInputMode="stateHidden" >
18-->src\main\AndroidManifest.xml:12:13-54
19            <intent-filter>
19-->src\main\AndroidManifest.xml:13:13-18:29
20                <action android:name="com.tencent.liteav.demo.play.action.float.click" />
20-->src\main\AndroidManifest.xml:14:17-90
20-->src\main\AndroidManifest.xml:14:25-87
21                <action android:name="android.intent.action.MAIN" />
21-->src\main\AndroidManifest.xml:15:17-69
21-->src\main\AndroidManifest.xml:15:25-66
22
23                <category android:name="android.intent.category.DEFAULT" />
23-->src\main\AndroidManifest.xml:17:17-76
23-->src\main\AndroidManifest.xml:17:27-73
24            </intent-filter>
25        </activity>
26        <activity
26-->src\main\AndroidManifest.xml:21:9-23:52
27            android:name="com.tencent.liteav.demo.player.activity.VodPlayerActivity"
27-->src\main\AndroidManifest.xml:22:13-55
28            android:screenOrientation="portrait" />
28-->src\main\AndroidManifest.xml:23:13-49
29        <activity
29-->src\main\AndroidManifest.xml:25:9-27:52
30            android:name="com.tencent.liteav.demo.player.activity.QRCodeScanActivity"
30-->src\main\AndroidManifest.xml:26:13-56
31            android:screenOrientation="portrait" />
31-->src\main\AndroidManifest.xml:27:13-49
32
33        <receiver android:name="com.tencent.liteav.demo.player.reveiver.WebDataReceiver" >
33-->src\main\AndroidManifest.xml:29:9-33:20
33-->src\main\AndroidManifest.xml:29:19-59
34            <intent-filter>
34-->src\main\AndroidManifest.xml:30:13-32:29
35                <action android:name="com.tencent.liteav.action.WED_DATA" />
35-->src\main\AndroidManifest.xml:31:17-77
35-->src\main\AndroidManifest.xml:31:25-74
36            </intent-filter>
37        </receiver>
38    </application>
39
40</manifest>